<?xml version="1.0" encoding="UTF-8"?>
<!-- Generated by org.testng.reporters.JUnitReportReporter -->
<testsuite hostname="DESKTOP-55E04N3" failures="0" tests="1" name="org.vtiger.documents.CreateDocumentTest" time="15.714" errors="0" timestamp="3 Aug 2022 12:31:15 GMT">
  <testcase classname="org.vtiger.documents.CreateDocumentTest" name="createDocumentTest" time="15.714"/>
</testsuite> <!-- org.vtiger.documents.CreateDocumentTest -->
