<?xml version="1.0" encoding="UTF-8"?>
<!-- Generated by org.testng.reporters.JUnitReportReporter -->
<testsuite hostname="DESKTOP-55E04N3" failures="0" tests="1" name="org.vtiger.Contacts.CreateContactTest" time="18.816" errors="0" timestamp="3 Aug 2022 12:31:15 GMT">
  <testcase classname="org.vtiger.Contacts.CreateContactTest" name="createContactTest" time="18.816"/>
</testsuite> <!-- org.vtiger.Contacts.CreateContactTest -->
