<?xml version="1.0" encoding="UTF-8"?>
<!-- Generated by org.testng.reporters.JUnitReportReporter -->
<testsuite hostname="DESKTOP-55E04N3" failures="0" tests="1" name="org.vtiger.practice.AllureLearn" time="31.114" errors="0" timestamp="3 Aug 2022 05:45:36 GMT">
  <testcase classname="org.vtiger.practice.AllureLearn" name="allureLearn" time="31.114"/>
</testsuite> <!-- org.vtiger.practice.AllureLearn -->
