<?xml version="1.0" encoding="UTF-8"?>
<!-- Generated by org.testng.reporters.JUnitReportReporter -->
<testsuite hostname="DESKTOP-55E04N3" failures="0" tests="1" name="org.vtiger.Contacts.CreateContactWithOrganizationTest" time="33.612" errors="0" timestamp="3 Aug 2022 12:31:15 GMT">
  <testcase classname="org.vtiger.Contacts.CreateContactWithOrganizationTest" name="createContactWithOrganizationTest" time="33.612"/>
</testsuite> <!-- org.vtiger.Contacts.CreateContactWithOrganizationTest -->
